<?xml version="1.0" encoding="UTF-8"?>
<!-- Generated by org.testng.reporters.JUnitReportReporter -->
<testsuite hostname="ADMINRG-9AUVRP9" name="com.qa.ParallelExecution" tests="2" failures="0" timestamp="15 May 2019 12:50:16 GMT" time="21.756" errors="0">
  <testcase name="firefox" time="12.338" classname="com.qa.ParallelExecution"/>
  <testcase name="chrome" time="9.418" classname="com.qa.ParallelExecution"/>
</testsuite> <!-- com.qa.ParallelExecution -->
