<?xml version="1.0" encoding="UTF-8"?>
<!-- Generated by org.testng.reporters.JUnitReportReporter -->
<testsuite hostname="ADMINRG-9AUVRP9" name="com.Banking2.TC_Login_001" tests="1" failures="0" timestamp="28 Jun 2019 08:58:58 GMT" time="16.413" errors="0">
  <testcase name="loginTest" time="16.413" classname="com.Banking2.TC_Login_001"/>
</testsuite> <!-- com.Banking2.TC_Login_001 -->
