<?xml version="1.0" encoding="UTF-8"?>
<!-- Generated by org.testng.reporters.JUnitReportReporter -->
<testsuite hostname="ADMINRG-9AUVRP9" name="com.qa.Dataprovider" tests="2" failures="0" timestamp="15 May 2019 10:27:52 GMT" time="0.035" errors="0">
  <testcase name="logintest" time="0.006" classname="com.qa.Dataprovider"/>
  <testcase name="logintest" time="0.029" classname="com.qa.Dataprovider"/>
</testsuite> <!-- com.qa.Dataprovider -->
